Using pre-set license
Built from '2021.3/staging' branch; Version is '2021.3.11f1 (0a5ca18544bf) revision 679073'; Using compiler version '192829333'; Build Type 'Release'
OS: 'Windows 11  (10.0.22621) 64bit CoreSingleLanguage' Language: 'id' Physical Memory: 12083 MB
BatchMode: 1, IsHumanControllingUs: 0, StartBugReporterOnCrash: 0, Is64bit: 1, IsPro: 1

COMMAND LINE ARGUMENTS:
C:\Program Files\Unity\Hub\Editor\2021.3.11f1\Editor\Unity.exe
-adb2
-batchMode
-noUpm
-name
AssetImportWorker0
-projectPath
D:/RIZAL/TUGAS/SKRIPSI/App/Museum Mpu Tantular AR
-logFile
Logs/AssetImportWorker0.log
-srvPort
57793
Successfully changed project path to: D:/RIZAL/TUGAS/SKRIPSI/App/Museum Mpu Tantular AR
D:/RIZAL/TUGAS/SKRIPSI/App/Museum Mpu Tantular AR
[UnityMemory] Configuration Parameters - Can be set up in boot.config
    "memorysetup-bucket-allocator-granularity=16"
    "memorysetup-bucket-allocator-bucket-count=8"
    "memorysetup-bucket-allocator-block-size=33554432"
    "memorysetup-bucket-allocator-block-count=8"
    "memorysetup-main-allocator-block-size=16777216"
    "memorysetup-thread-allocator-block-size=16777216"
    "memorysetup-gfx-main-allocator-block-size=16777216"
    "memorysetup-gfx-thread-allocator-block-size=16777216"
    "memorysetup-cache-allocator-block-size=4194304"
    "memorysetup-typetree-allocator-block-size=2097152"
    "memorysetup-profiler-bucket-allocator-granularity=16"
    "memorysetup-profiler-bucket-allocator-bucket-count=8"
    "memorysetup-profiler-bucket-allocator-block-size=33554432"
    "memorysetup-profiler-bucket-allocator-block-count=8"
    "memorysetup-profiler-allocator-block-size=16777216"
    "memorysetup-profiler-editor-allocator-block-size=1048576"
    "memorysetup-temp-allocator-size-main=16777216"
    "memorysetup-job-temp-allocator-block-size=2097152"
    "memorysetup-job-temp-allocator-block-size-background=1048576"
    "memorysetup-job-temp-allocator-reduction-small-platforms=262144"
    "memorysetup-temp-allocator-size-background-worker=32768"
    "memorysetup-temp-allocator-size-job-worker=262144"
    "memorysetup-temp-allocator-size-preload-manager=33554432"
    "memorysetup-temp-allocator-size-nav-mesh-worker=65536"
    "memorysetup-temp-allocator-size-audio-worker=65536"
    "memorysetup-temp-allocator-size-cloud-worker=32768"
    "memorysetup-temp-allocator-size-gi-baking-worker=262144"
    "memorysetup-temp-allocator-size-gfx=262144"
Refreshing native plugins compatible for Editor in 85.33 ms, found 3 plugins.
Preloading 0 native plugins for Editor in 0.00 ms.
Initialize engine version: 2021.3.11f1 (0a5ca18544bf)
[Subsystems] Discovering subsystems at path C:/Program Files/Unity/Hub/Editor/2021.3.11f1/Editor/Data/Resources/UnitySubsystems
[Subsystems] Discovering subsystems at path D:/RIZAL/TUGAS/SKRIPSI/App/Museum Mpu Tantular AR/Assets
GfxDevice: creating device client; threaded=0; jobified=0
Direct3D:
    Version:  Direct3D 11.0 [level 11.1]
    Renderer: Intel(R) UHD Graphics (ID=0x8a56)
    Vendor:   Intel
    VRAM:     6041 MB
    Driver:   27.20.100.9664
Initialize mono
Mono path[0] = 'C:/Program Files/Unity/Hub/Editor/2021.3.11f1/Editor/Data/Managed'
Mono path[1] = 'C:/Program Files/Unity/Hub/Editor/2021.3.11f1/Editor/Data/MonoBleedingEdge/lib/mono/unityjit-win32'
Mono config path = 'C:/Program Files/Unity/Hub/Editor/2021.3.11f1/Editor/Data/MonoBleedingEdge/etc'
Using monoOptions --debugger-agent=transport=dt_socket,embedding=1,server=y,suspend=n,address=127.0.0.1:56852
Begin MonoManager ReloadAssembly
Registering precompiled unity dll's ...
Register platform support module: C:/Program Files/Unity/Hub/Editor/2021.3.11f1/Editor/Data/PlaybackEngines/WebGLSupport/UnityEditor.WebGL.Extensions.dll
Register platform support module: C:/Program Files/Unity/Hub/Editor/2021.3.11f1/Editor/Data/PlaybackEngines/AndroidPlayer/UnityEditor.Android.Extensions.dll
Register platform support module: C:/Program Files/Unity/Hub/Editor/2021.3.11f1/Editor/Data/PlaybackEngines/WindowsStandaloneSupport/UnityEditor.WindowsStandalone.Extensions.dll
Registered in 0.006903 seconds.
Native extension for WindowsStandalone target not found
Native extension for Android target not found
Native extension for WebGL target not found
Refreshing native plugins compatible for Editor in 84.61 ms, found 3 plugins.
Preloading 0 native plugins for Editor in 0.00 ms.
Mono: successfully reloaded assembly
- Completed reload, in  0.705 seconds
Domain Reload Profiling:
	ReloadAssembly (705ms)
		BeginReloadAssembly (81ms)
			ExecutionOrderSort (0ms)
			DisableScriptedObjects (0ms)
			BackupInstance (0ms)
			ReleaseScriptingObjects (0ms)
			CreateAndSetChildDomain (1ms)
		EndReloadAssembly (509ms)
			LoadAssemblies (79ms)
			RebuildTransferFunctionScriptingTraits (0ms)
			SetupTypeCache (112ms)
			ReleaseScriptCaches (0ms)
			RebuildScriptCaches (31ms)
			SetupLoadedEditorAssemblies (313ms)
				LogAssemblyErrors (0ms)
				InitializePlatformSupportModulesInManaged (74ms)
				SetLoadedEditorAssemblies (0ms)
				RefreshPlugins (85ms)
				BeforeProcessingInitializeOnLoad (1ms)
				ProcessInitializeOnLoadAttributes (105ms)
				ProcessInitializeOnLoadMethodAttributes (47ms)
				AfterProcessingInitializeOnLoad (0ms)
				EditorAssembliesLoaded (0ms)
			ExecutionOrderSort2 (0ms)
			AwakeInstancesAfterBackupRestoration (0ms)
Platform modules already initialized, skipping
Registering precompiled user dll's ...
Registered in 0.005202 seconds.
Begin MonoManager ReloadAssembly
Symbol file LoadedFromMemory doesn't match image D:\RIZAL\TUGAS\SKRIPSI\App\Museum Mpu Tantular AR\Library\PackageCache\com.unity.visualscripting@1.7.8\Editor\VisualScripting.Core\Dependencies\YamlDotNet\Unity.VisualScripting.YamlDotNet.dll
Symbol file LoadedFromMemory doesn't match image D:\RIZAL\TUGAS\SKRIPSI\App\Museum Mpu Tantular AR\Library\PackageCache\com.unity.visualscripting@1.7.8\Editor\VisualScripting.Core\Dependencies\DotNetZip\Unity.VisualScripting.IonicZip.dll
Native extension for WindowsStandalone target not found
Native extension for Android target not found
Native extension for WebGL target not found
Refreshing native plugins compatible for Editor in 0.60 ms, found 3 plugins.
Preloading 0 native plugins for Editor in 0.00 ms.
Mono: successfully reloaded assembly
- Completed reload, in  1.360 seconds
Domain Reload Profiling:
	ReloadAssembly (1361ms)
		BeginReloadAssembly (285ms)
			ExecutionOrderSort (0ms)
			DisableScriptedObjects (6ms)
			BackupInstance (0ms)
			ReleaseScriptingObjects (0ms)
			CreateAndSetChildDomain (165ms)
		EndReloadAssembly (940ms)
			LoadAssemblies (108ms)
			RebuildTransferFunctionScriptingTraits (0ms)
			SetupTypeCache (299ms)
			ReleaseScriptCaches (0ms)
			RebuildScriptCaches (59ms)
			SetupLoadedEditorAssemblies (454ms)
				LogAssemblyErrors (0ms)
				InitializePlatformSupportModulesInManaged (18ms)
				SetLoadedEditorAssemblies (1ms)
				RefreshPlugins (1ms)
				BeforeProcessingInitializeOnLoad (109ms)
				ProcessInitializeOnLoadAttributes (283ms)
				ProcessInitializeOnLoadMethodAttributes (36ms)
				AfterProcessingInitializeOnLoad (6ms)
				EditorAssembliesLoaded (0ms)
			ExecutionOrderSort2 (0ms)
			AwakeInstancesAfterBackupRestoration (6ms)
Platform modules already initialized, skipping
========================================================================
Worker process is ready to serve import requests
Launched and connected shader compiler UnityShaderCompiler.exe after 0.05 seconds
Refreshing native plugins compatible for Editor in 0.57 ms, found 3 plugins.
Preloading 0 native plugins for Editor in 0.00 ms.
Unloading 3380 Unused Serialized files (Serialized files now loaded: 0)
Unloading 27 unused Assets / (113.4 KB). Loaded Objects now: 3839.
Memory consumption went from 116.2 MB to 116.1 MB.
Total: 3.352700 ms (FindLiveObjects: 0.293100 ms CreateObjectMapping: 0.171000 ms MarkObjects: 2.746200 ms  DeleteObjects: 0.140800 ms)

AssetImportParameters requested are different than current active one (requested -> active):
  custom:video-decoder-ogg-theora: a1e56fd34408186e4bbccfd4996cb3dc -> 
  custom:container-muxer-webm: aa71ff27fc2769a1b78a27578f13a17b -> 
  custom:container-demuxer-webm: 4f35f7cbe854078d1ac9338744f61a02 -> 
  custom:video-encoder-webm-vp8: eb34c28f22e8b96e1ab97ce403110664 -> 
  custom:video-codec-MediaFoundation-h265: 746d11721c4dcdbdad8f713fa42b33f4 -> 
  custom:audio-encoder-webm-vorbis: bf7c407c2cedff20999df2af8eb42d56 -> 
  custom:framework-win-MediaFoundation: 216162199b28c13a410421893ffa2e32 -> 
  custom:container-demuxer-ogg: 62fdf1f143b41e24485cea50d1cbac27 -> 
  custom:video-decoder-webm-vp8: 9c59270c3fd7afecdb556c50c9e8de78 -> 
  custom:audio-decoder-ogg-vorbis: bf7c407c2cedff20999df2af8eb42d56 -> 
========================================================================
Received Import Request.
  Time since last request: 203672.932961 seconds.
  path: Assets/Main Menu.unity
  artifactKey: Guid(fff46ea0ee45c9841b6f9d7069e4bce8) Importer(815301076,1909f56bfc062723c751e8b465ee728b)
Start importing Assets/Main Menu.unity using Guid(fff46ea0ee45c9841b6f9d7069e4bce8) Importer(815301076,1909f56bfc062723c751e8b465ee728b)  -> (artifact id: 'eae2697297edd3e40452b7ce6454c7af') in 0.017643 seconds 
========================================================================
Received Import Request.
  Time since last request: 15.642268 seconds.
  path: Assets/Game Loading.unity
  artifactKey: Guid(2059c484f6459a34184af58a60c8830d) Importer(815301076,1909f56bfc062723c751e8b465ee728b)
Start importing Assets/Game Loading.unity using Guid(2059c484f6459a34184af58a60c8830d) Importer(815301076,1909f56bfc062723c751e8b465ee728b)  -> (artifact id: '8b07972a0e7b846fbe80227d4504fcab') in 0.007306 seconds 
========================================================================
Received Import Request.
  Time since last request: 19.113726 seconds.
  path: Assets/Image
  artifactKey: Guid(9bf5df5e34c24ca4ba7472b75f6dce22) Importer(815301076,1909f56bfc062723c751e8b465ee728b)
Start importing Assets/Image using Guid(9bf5df5e34c24ca4ba7472b75f6dce22) Importer(815301076,1909f56bfc062723c751e8b465ee728b)  -> (artifact id: '4e3fde23d04f4a93e9378f459612d3f8') in 0.006613 seconds 
========================================================================
Received Import Request.
  Time since last request: 9.998407 seconds.
  path: Assets/Image/Main Menu
  artifactKey: Guid(2c2f5f05e5c408c4995fe77f6b3632fa) Importer(815301076,1909f56bfc062723c751e8b465ee728b)
Start importing Assets/Image/Main Menu using Guid(2c2f5f05e5c408c4995fe77f6b3632fa) Importer(815301076,1909f56bfc062723c751e8b465ee728b)  -> (artifact id: '8891f709edded25607f53a6825f2ceab') in 0.011668 seconds 
========================================================================
Received Import Request.
  Time since last request: 190.397139 seconds.
  path: Assets/Image/Main Menu/about.png
  artifactKey: Guid(8263044f6e7c1e3498fa9007876edda4) Importer(815301076,1909f56bfc062723c751e8b465ee728b)
Start importing Assets/Image/Main Menu/about.png using Guid(8263044f6e7c1e3498fa9007876edda4) Importer(815301076,1909f56bfc062723c751e8b465ee728b)  -> (artifact id: '3bab7baffd44805691a61b93c2a3f384') in 0.096379 seconds 
========================================================================
Received Import Request.
  Time since last request: 0.000086 seconds.
  path: Assets/Image/Main Menu/Group 3.png
  artifactKey: Guid(cf75fa0fdf779dc46bb012cfad742e42) Importer(815301076,1909f56bfc062723c751e8b465ee728b)
Start importing Assets/Image/Main Menu/Group 3.png using Guid(cf75fa0fdf779dc46bb012cfad742e42) Importer(815301076,1909f56bfc062723c751e8b465ee728b)  -> (artifact id: '8149d3fca0f3c41ea114c89427d96fc8') in 0.026569 seconds 
========================================================================
Received Import Request.
  Time since last request: 0.000046 seconds.
  path: Assets/Image/Main Menu/Image 2.png
  artifactKey: Guid(4b0c52aa95473f548a8a2079325952ae) Importer(815301076,1909f56bfc062723c751e8b465ee728b)
Start importing Assets/Image/Main Menu/Image 2.png using Guid(4b0c52aa95473f548a8a2079325952ae) Importer(815301076,1909f56bfc062723c751e8b465ee728b)  -> (artifact id: '2abf43d035791498e74dc8da99b62964') in 0.023039 seconds 
========================================================================
Received Import Request.
  Time since last request: 0.000049 seconds.
  path: Assets/Image/Main Menu/speaker (2).png
  artifactKey: Guid(881da3ab2074faa4383b0efd75477e73) Importer(815301076,1909f56bfc062723c751e8b465ee728b)
Start importing Assets/Image/Main Menu/speaker (2).png using Guid(881da3ab2074faa4383b0efd75477e73) Importer(815301076,1909f56bfc062723c751e8b465ee728b)  -> (artifact id: 'cb98126116883047dea674b9db313719') in 0.024795 seconds 
========================================================================
Received Import Request.
  Time since last request: 9.356826 seconds.
  path: Assets/Image/Main Menu/about.png
  artifactKey: Guid(8263044f6e7c1e3498fa9007876edda4) Importer(815301076,1909f56bfc062723c751e8b465ee728b)
Start importing Assets/Image/Main Menu/about.png using Guid(8263044f6e7c1e3498fa9007876edda4) Importer(815301076,1909f56bfc062723c751e8b465ee728b)  -> (artifact id: 'fe754439e02b4a3101496de29946ccf8') in 0.022024 seconds 
========================================================================
Received Import Request.
  Time since last request: 0.000092 seconds.
  path: Assets/Image/Main Menu/iya.png
  artifactKey: Guid(45542b7cc21f884469f31aaadc7de570) Importer(815301076,1909f56bfc062723c751e8b465ee728b)
Start importing Assets/Image/Main Menu/iya.png using Guid(45542b7cc21f884469f31aaadc7de570) Importer(815301076,1909f56bfc062723c751e8b465ee728b)  -> (artifact id: '3de3cdc4042d3c8597511c3f4c20ef4a') in 0.026989 seconds 
========================================================================
Received Import Request.
  Time since last request: 0.000052 seconds.
  path: Assets/Image/Main Menu/Image 2.png
  artifactKey: Guid(4b0c52aa95473f548a8a2079325952ae) Importer(815301076,1909f56bfc062723c751e8b465ee728b)
Start importing Assets/Image/Main Menu/Image 2.png using Guid(4b0c52aa95473f548a8a2079325952ae) Importer(815301076,1909f56bfc062723c751e8b465ee728b)  -> (artifact id: 'c7e08835291bf59a7570ce85d9907579') in 0.032918 seconds 
========================================================================
Received Import Request.
  Time since last request: 0.000065 seconds.
  path: Assets/Image/Main Menu/speaker (2).png
  artifactKey: Guid(881da3ab2074faa4383b0efd75477e73) Importer(815301076,1909f56bfc062723c751e8b465ee728b)
Start importing Assets/Image/Main Menu/speaker (2).png using Guid(881da3ab2074faa4383b0efd75477e73) Importer(815301076,1909f56bfc062723c751e8b465ee728b)  -> (artifact id: 'cbb2e2d539d408cdc608d324ea3f156c') in 0.019660 seconds 
========================================================================
Received Import Request.
  Time since last request: 5.765242 seconds.
  path: Assets/Image/Main Menu/Image 2.png
  artifactKey: Guid(4b0c52aa95473f548a8a2079325952ae) Importer(815301076,1909f56bfc062723c751e8b465ee728b)
Start importing Assets/Image/Main Menu/Image 2.png using Guid(4b0c52aa95473f548a8a2079325952ae) Importer(815301076,1909f56bfc062723c751e8b465ee728b)  -> (artifact id: 'c9f8484dcb18d9d107b2360e1cce8ead') in 0.176884 seconds 
========================================================================
Received Import Request.
  Time since last request: 6.478648 seconds.
  path: Assets/Image/Main Menu/bg.png
  artifactKey: Guid(4b0c52aa95473f548a8a2079325952ae) Importer(815301076,1909f56bfc062723c751e8b465ee728b)
Start importing Assets/Image/Main Menu/bg.png using Guid(4b0c52aa95473f548a8a2079325952ae) Importer(815301076,1909f56bfc062723c751e8b465ee728b)  -> (artifact id: 'fd2ed2288520346472fb712bd42566e9') in 0.136898 seconds 
========================================================================
Received Prepare
Registering precompiled user dll's ...
Registered in 0.003778 seconds.
Begin MonoManager ReloadAssembly
Symbol file LoadedFromMemory doesn't match image D:\RIZAL\TUGAS\SKRIPSI\App\Museum Mpu Tantular AR\Library\PackageCache\com.unity.visualscripting@1.7.8\Editor\VisualScripting.Core\Dependencies\YamlDotNet\Unity.VisualScripting.YamlDotNet.dll
Symbol file LoadedFromMemory doesn't match image D:\RIZAL\TUGAS\SKRIPSI\App\Museum Mpu Tantular AR\Library\PackageCache\com.unity.visualscripting@1.7.8\Editor\VisualScripting.Core\Dependencies\DotNetZip\Unity.VisualScripting.IonicZip.dll
Native extension for WindowsStandalone target not found
Native extension for Android target not found
Native extension for WebGL target not found
Refreshing native plugins compatible for Editor in 0.65 ms, found 3 plugins.
Preloading 0 native plugins for Editor in 0.00 ms.
Mono: successfully reloaded assembly
- Completed reload, in  1.326 seconds
Domain Reload Profiling:
	ReloadAssembly (1327ms)
		BeginReloadAssembly (167ms)
			ExecutionOrderSort (0ms)
			DisableScriptedObjects (9ms)
			BackupInstance (0ms)
			ReleaseScriptingObjects (0ms)
			CreateAndSetChildDomain (46ms)
		EndReloadAssembly (1025ms)
			LoadAssemblies (96ms)
			RebuildTransferFunctionScriptingTraits (0ms)
			SetupTypeCache (353ms)
			ReleaseScriptCaches (1ms)
			RebuildScriptCaches (56ms)
			SetupLoadedEditorAssemblies (474ms)
				LogAssemblyErrors (0ms)
				InitializePlatformSupportModulesInManaged (26ms)
				SetLoadedEditorAssemblies (1ms)
				RefreshPlugins (1ms)
				BeforeProcessingInitializeOnLoad (82ms)
				ProcessInitializeOnLoadAttributes (308ms)
				ProcessInitializeOnLoadMethodAttributes (47ms)
				AfterProcessingInitializeOnLoad (10ms)
				EditorAssembliesLoaded (0ms)
			ExecutionOrderSort2 (0ms)
			AwakeInstancesAfterBackupRestoration (10ms)
Platform modules already initialized, skipping
Refreshing native plugins compatible for Editor in 1.52 ms, found 3 plugins.
Preloading 0 native plugins for Editor in 0.00 ms.
Unloading 3422 Unused Serialized files (Serialized files now loaded: 0)
Unloading 33 unused Assets / (0.7 MB). Loaded Objects now: 3887.
Memory consumption went from 123.6 MB to 122.9 MB.
Total: 2.997700 ms (FindLiveObjects: 0.204700 ms CreateObjectMapping: 0.119900 ms MarkObjects: 2.369300 ms  DeleteObjects: 0.302300 ms)

AssetImportParameters requested are different than current active one (requested -> active):
  custom:video-decoder-ogg-theora: a1e56fd34408186e4bbccfd4996cb3dc -> 
  custom:container-muxer-webm: aa71ff27fc2769a1b78a27578f13a17b -> 
  custom:container-demuxer-webm: 4f35f7cbe854078d1ac9338744f61a02 -> 
  custom:video-encoder-webm-vp8: eb34c28f22e8b96e1ab97ce403110664 -> 
  custom:video-codec-MediaFoundation-h265: 746d11721c4dcdbdad8f713fa42b33f4 -> 
  custom:audio-encoder-webm-vorbis: bf7c407c2cedff20999df2af8eb42d56 -> 
  custom:framework-win-MediaFoundation: 216162199b28c13a410421893ffa2e32 -> 
  custom:container-demuxer-ogg: 62fdf1f143b41e24485cea50d1cbac27 -> 
  custom:video-decoder-webm-vp8: 9c59270c3fd7afecdb556c50c9e8de78 -> 
  custom:audio-decoder-ogg-vorbis: bf7c407c2cedff20999df2af8eb42d56 -> 
========================================================================
Received Import Request.
  Time since last request: 55.419496 seconds.
  path: Assets/Image/Main Menu/mulai.png
  artifactKey: Guid(d88026593fa107342a580ab939905657) Importer(815301076,1909f56bfc062723c751e8b465ee728b)
Start importing Assets/Image/Main Menu/mulai.png using Guid(d88026593fa107342a580ab939905657) Importer(815301076,1909f56bfc062723c751e8b465ee728b)  -> (artifact id: 'd82979adc91a07f78ecd04700e114db6') in 0.077317 seconds 
========================================================================
Received Import Request.
  Time since last request: 98.450786 seconds.
  path: Assets/Image/Main Menu/about.png
  artifactKey: Guid(8263044f6e7c1e3498fa9007876edda4) Importer(815301076,1909f56bfc062723c751e8b465ee728b)
Start importing Assets/Image/Main Menu/about.png using Guid(8263044f6e7c1e3498fa9007876edda4) Importer(815301076,1909f56bfc062723c751e8b465ee728b)  -> (artifact id: '8281383468688eb2dc4a126778b621d0') in 0.022560 seconds 
========================================================================
Received Import Request.
  Time since last request: 18.601218 seconds.
  path: Assets/Image/Main Menu/exit.png
  artifactKey: Guid(2978d6c689fbb7747943e081b0dbe924) Importer(815301076,1909f56bfc062723c751e8b465ee728b)
Start importing Assets/Image/Main Menu/exit.png using Guid(2978d6c689fbb7747943e081b0dbe924) Importer(815301076,1909f56bfc062723c751e8b465ee728b)  -> (artifact id: '9d54199f9be3a9dbb1fbde1dddca630f') in 0.025183 seconds 
========================================================================
Received Import Request.
  Time since last request: 57.432488 seconds.
  path: Assets/Image/Main Menu/option.png
  artifactKey: Guid(b844da225d3e1c74a976d1a2ed5d6a4b) Importer(815301076,1909f56bfc062723c751e8b465ee728b)
Start importing Assets/Image/Main Menu/option.png using Guid(b844da225d3e1c74a976d1a2ed5d6a4b) Importer(815301076,1909f56bfc062723c751e8b465ee728b)  -> (artifact id: '60ede777095110d083b385c279f41f7c') in 0.030172 seconds 
========================================================================
Received Import Request.
  Time since last request: 109.550731 seconds.
  path: Assets/Image/Main Menu/speaker (2).png
  artifactKey: Guid(881da3ab2074faa4383b0efd75477e73) Importer(815301076,1909f56bfc062723c751e8b465ee728b)
Start importing Assets/Image/Main Menu/speaker (2).png using Guid(881da3ab2074faa4383b0efd75477e73) Importer(815301076,1909f56bfc062723c751e8b465ee728b)  -> (artifact id: '31133908acd9be18a10b828715225dff') in 0.041015 seconds 
========================================================================
Received Import Request.
  Time since last request: 13.833231 seconds.
  path: Assets/Image/Main Menu/Group 3.png
  artifactKey: Guid(cf75fa0fdf779dc46bb012cfad742e42) Importer(815301076,1909f56bfc062723c751e8b465ee728b)
Start importing Assets/Image/Main Menu/Group 3.png using Guid(cf75fa0fdf779dc46bb012cfad742e42) Importer(815301076,1909f56bfc062723c751e8b465ee728b)  -> (artifact id: '05db0a5e10e1d2c7f4d7cdf1cb14488d') in 0.024744 seconds 
========================================================================
Received Import Request.
  Time since last request: 38.630087 seconds.
  path: Assets/animation
  artifactKey: Guid(6b92f00af1c68964cad2d815d132e3d6) Importer(815301076,1909f56bfc062723c751e8b465ee728b)
Start importing Assets/animation using Guid(6b92f00af1c68964cad2d815d132e3d6) Importer(815301076,1909f56bfc062723c751e8b465ee728b)  -> (artifact id: '3b79e5e99e8abe04d99b1672ee53f5b1') in 0.016002 seconds 
========================================================================
Received Import Request.
  Time since last request: 8.597498 seconds.
  path: Assets/animation/Main menu
  artifactKey: Guid(75320c80bb137d14eb30a701aa123c0a) Importer(815301076,1909f56bfc062723c751e8b465ee728b)
Start importing Assets/animation/Main menu using Guid(75320c80bb137d14eb30a701aa123c0a) Importer(815301076,1909f56bfc062723c751e8b465ee728b)  -> (artifact id: '1c461866943e18a5a8f8e73b557f0706') in 0.012474 seconds 
========================================================================
Received Import Request.
  Time since last request: 19.486095 seconds.
  path: Assets/animation/Main menu/New Animation.anim
  artifactKey: Guid(70aa56e7124ee134481c8a65da82fcdf) Importer(815301076,1909f56bfc062723c751e8b465ee728b)
Start importing Assets/animation/Main menu/New Animation.anim using Guid(70aa56e7124ee134481c8a65da82fcdf) Importer(815301076,1909f56bfc062723c751e8b465ee728b)  -> (artifact id: '177864d75be643ae7d02ababed173331') in 0.018819 seconds 
========================================================================
Received Prepare
Registering precompiled user dll's ...
Registered in 0.004265 seconds.
Begin MonoManager ReloadAssembly
Symbol file LoadedFromMemory doesn't match image D:\RIZAL\TUGAS\SKRIPSI\App\Museum Mpu Tantular AR\Library\PackageCache\com.unity.visualscripting@1.7.8\Editor\VisualScripting.Core\Dependencies\YamlDotNet\Unity.VisualScripting.YamlDotNet.dll
Symbol file LoadedFromMemory doesn't match image D:\RIZAL\TUGAS\SKRIPSI\App\Museum Mpu Tantular AR\Library\PackageCache\com.unity.visualscripting@1.7.8\Editor\VisualScripting.Core\Dependencies\DotNetZip\Unity.VisualScripting.IonicZip.dll
Native extension for WindowsStandalone target not found
Native extension for Android target not found
Native extension for WebGL target not found
Refreshing native plugins compatible for Editor in 1.46 ms, found 3 plugins.
Preloading 0 native plugins for Editor in 0.00 ms.
Mono: successfully reloaded assembly
- Completed reload, in  1.539 seconds
Domain Reload Profiling:
	ReloadAssembly (1541ms)
		BeginReloadAssembly (145ms)
			ExecutionOrderSort (0ms)
			DisableScriptedObjects (5ms)
			BackupInstance (0ms)
			ReleaseScriptingObjects (0ms)
			CreateAndSetChildDomain (49ms)
		EndReloadAssembly (1289ms)
			LoadAssemblies (88ms)
			RebuildTransferFunctionScriptingTraits (0ms)
			SetupTypeCache (288ms)
			ReleaseScriptCaches (2ms)
			RebuildScriptCaches (71ms)
			SetupLoadedEditorAssemblies (686ms)
				LogAssemblyErrors (0ms)
				InitializePlatformSupportModulesInManaged (49ms)
				SetLoadedEditorAssemblies (1ms)
				RefreshPlugins (2ms)
				BeforeProcessingInitializeOnLoad (123ms)
				ProcessInitializeOnLoadAttributes (432ms)
				ProcessInitializeOnLoadMethodAttributes (63ms)
				AfterProcessingInitializeOnLoad (17ms)
				EditorAssembliesLoaded (0ms)
			ExecutionOrderSort2 (0ms)
			AwakeInstancesAfterBackupRestoration (14ms)
Platform modules already initialized, skipping
Refreshing native plugins compatible for Editor in 3.70 ms, found 3 plugins.
Preloading 0 native plugins for Editor in 0.00 ms.
Unloading 3422 Unused Serialized files (Serialized files now loaded: 0)
Unloading 33 unused Assets / (0.7 MB). Loaded Objects now: 3893.
Memory consumption went from 123.8 MB to 123.1 MB.
Total: 4.508000 ms (FindLiveObjects: 0.265100 ms CreateObjectMapping: 0.182300 ms MarkObjects: 3.680500 ms  DeleteObjects: 0.378200 ms)

AssetImportParameters requested are different than current active one (requested -> active):
  custom:video-decoder-ogg-theora: a1e56fd34408186e4bbccfd4996cb3dc -> 
  custom:container-muxer-webm: aa71ff27fc2769a1b78a27578f13a17b -> 
  custom:container-demuxer-webm: 4f35f7cbe854078d1ac9338744f61a02 -> 
  custom:video-encoder-webm-vp8: eb34c28f22e8b96e1ab97ce403110664 -> 
  custom:video-codec-MediaFoundation-h265: 746d11721c4dcdbdad8f713fa42b33f4 -> 
  custom:audio-encoder-webm-vorbis: bf7c407c2cedff20999df2af8eb42d56 -> 
  custom:framework-win-MediaFoundation: 216162199b28c13a410421893ffa2e32 -> 
  custom:container-demuxer-ogg: 62fdf1f143b41e24485cea50d1cbac27 -> 
  custom:video-decoder-webm-vp8: 9c59270c3fd7afecdb556c50c9e8de78 -> 
  custom:audio-decoder-ogg-vorbis: bf7c407c2cedff20999df2af8eb42d56 -> 
========================================================================
Received Import Request.
  Time since last request: 267.968088 seconds.
  path: Assets/animation/Main menu/menu dropdown.anim
  artifactKey: Guid(458345869541fb74b9ab08ae4155e584) Importer(815301076,1909f56bfc062723c751e8b465ee728b)
Start importing Assets/animation/Main menu/menu dropdown.anim using Guid(458345869541fb74b9ab08ae4155e584) Importer(815301076,1909f56bfc062723c751e8b465ee728b)  -> (artifact id: '62e451999c64f2fa57bc9c01b94e818f') in 0.042473 seconds 
========================================================================
Received Import Request.
  Time since last request: 3.378745 seconds.
  path: Assets/animation/Main menu/btn_pengaturan.controller
  artifactKey: Guid(35e74ff601c88bf498ce5c6f218e296f) Importer(815301076,1909f56bfc062723c751e8b465ee728b)
Start importing Assets/animation/Main menu/btn_pengaturan.controller using Guid(35e74ff601c88bf498ce5c6f218e296f) Importer(815301076,1909f56bfc062723c751e8b465ee728b)  -> (artifact id: 'd3075fcf53c6cf12e5e896a795fda371') in 0.012025 seconds 
========================================================================
Received Prepare
Registering precompiled user dll's ...
Registered in 0.003467 seconds.
Begin MonoManager ReloadAssembly
Symbol file LoadedFromMemory doesn't match image D:\RIZAL\TUGAS\SKRIPSI\App\Museum Mpu Tantular AR\Library\PackageCache\com.unity.visualscripting@1.7.8\Editor\VisualScripting.Core\Dependencies\YamlDotNet\Unity.VisualScripting.YamlDotNet.dll
Symbol file LoadedFromMemory doesn't match image D:\RIZAL\TUGAS\SKRIPSI\App\Museum Mpu Tantular AR\Library\PackageCache\com.unity.visualscripting@1.7.8\Editor\VisualScripting.Core\Dependencies\DotNetZip\Unity.VisualScripting.IonicZip.dll
Native extension for WindowsStandalone target not found
Native extension for Android target not found
Native extension for WebGL target not found
Refreshing native plugins compatible for Editor in 1.17 ms, found 3 plugins.
Preloading 0 native plugins for Editor in 0.00 ms.
Mono: successfully reloaded assembly
- Completed reload, in  1.611 seconds
Domain Reload Profiling:
	ReloadAssembly (1612ms)
		BeginReloadAssembly (141ms)
			ExecutionOrderSort (0ms)
			DisableScriptedObjects (6ms)
			BackupInstance (0ms)
			ReleaseScriptingObjects (0ms)
			CreateAndSetChildDomain (44ms)
		EndReloadAssembly (1353ms)
			LoadAssemblies (81ms)
			RebuildTransferFunctionScriptingTraits (0ms)
			SetupTypeCache (299ms)
			ReleaseScriptCaches (2ms)
			RebuildScriptCaches (78ms)
			SetupLoadedEditorAssemblies (750ms)
				LogAssemblyErrors (0ms)
				InitializePlatformSupportModulesInManaged (49ms)
				SetLoadedEditorAssemblies (1ms)
				RefreshPlugins (1ms)
				BeforeProcessingInitializeOnLoad (125ms)
				ProcessInitializeOnLoadAttributes (484ms)
				ProcessInitializeOnLoadMethodAttributes (76ms)
				AfterProcessingInitializeOnLoad (14ms)
				EditorAssembliesLoaded (0ms)
			ExecutionOrderSort2 (0ms)
			AwakeInstancesAfterBackupRestoration (16ms)
Platform modules already initialized, skipping
Refreshing native plugins compatible for Editor in 3.12 ms, found 3 plugins.
Preloading 0 native plugins for Editor in 0.00 ms.
Unloading 3422 Unused Serialized files (Serialized files now loaded: 0)
Unloading 33 unused Assets / (0.7 MB). Loaded Objects now: 3896.
Memory consumption went from 123.8 MB to 123.1 MB.
Total: 5.998600 ms (FindLiveObjects: 0.564400 ms CreateObjectMapping: 0.268000 ms MarkObjects: 4.693100 ms  DeleteObjects: 0.470500 ms)

AssetImportParameters requested are different than current active one (requested -> active):
  custom:video-decoder-ogg-theora: a1e56fd34408186e4bbccfd4996cb3dc -> 
  custom:container-muxer-webm: aa71ff27fc2769a1b78a27578f13a17b -> 
  custom:container-demuxer-webm: 4f35f7cbe854078d1ac9338744f61a02 -> 
  custom:video-encoder-webm-vp8: eb34c28f22e8b96e1ab97ce403110664 -> 
  custom:video-codec-MediaFoundation-h265: 746d11721c4dcdbdad8f713fa42b33f4 -> 
  custom:audio-encoder-webm-vorbis: bf7c407c2cedff20999df2af8eb42d56 -> 
  custom:framework-win-MediaFoundation: 216162199b28c13a410421893ffa2e32 -> 
  custom:container-demuxer-ogg: 62fdf1f143b41e24485cea50d1cbac27 -> 
  custom:video-decoder-webm-vp8: 9c59270c3fd7afecdb556c50c9e8de78 -> 
  custom:audio-decoder-ogg-vorbis: bf7c407c2cedff20999df2af8eb42d56 -> 
========================================================================
Received Prepare
Registering precompiled user dll's ...
Registered in 0.005541 seconds.
Begin MonoManager ReloadAssembly
Symbol file LoadedFromMemory doesn't match image D:\RIZAL\TUGAS\SKRIPSI\App\Museum Mpu Tantular AR\Library\PackageCache\com.unity.visualscripting@1.7.8\Editor\VisualScripting.Core\Dependencies\YamlDotNet\Unity.VisualScripting.YamlDotNet.dll
Symbol file LoadedFromMemory doesn't match image D:\RIZAL\TUGAS\SKRIPSI\App\Museum Mpu Tantular AR\Library\PackageCache\com.unity.visualscripting@1.7.8\Editor\VisualScripting.Core\Dependencies\DotNetZip\Unity.VisualScripting.IonicZip.dll
Native extension for WindowsStandalone target not found
Native extension for Android target not found
Native extension for WebGL target not found
Refreshing native plugins compatible for Editor in 1.74 ms, found 3 plugins.
Preloading 0 native plugins for Editor in 0.00 ms.
Mono: successfully reloaded assembly
- Completed reload, in  1.618 seconds
Domain Reload Profiling:
	ReloadAssembly (1619ms)
		BeginReloadAssembly (152ms)
			ExecutionOrderSort (0ms)
			DisableScriptedObjects (6ms)
			BackupInstance (0ms)
			ReleaseScriptingObjects (0ms)
			CreateAndSetChildDomain (40ms)
		EndReloadAssembly (1356ms)
			LoadAssemblies (95ms)
			RebuildTransferFunctionScriptingTraits (0ms)
			SetupTypeCache (310ms)
			ReleaseScriptCaches (2ms)
			RebuildScriptCaches (106ms)
			SetupLoadedEditorAssemblies (699ms)
				LogAssemblyErrors (0ms)
				InitializePlatformSupportModulesInManaged (52ms)
				SetLoadedEditorAssemblies (1ms)
				RefreshPlugins (2ms)
				BeforeProcessingInitializeOnLoad (122ms)
				ProcessInitializeOnLoadAttributes (444ms)
				ProcessInitializeOnLoadMethodAttributes (64ms)
				AfterProcessingInitializeOnLoad (14ms)
				EditorAssembliesLoaded (0ms)
			ExecutionOrderSort2 (0ms)
			AwakeInstancesAfterBackupRestoration (14ms)
Platform modules already initialized, skipping
Refreshing native plugins compatible for Editor in 2.77 ms, found 3 plugins.
Preloading 0 native plugins for Editor in 0.00 ms.
Unloading 3422 Unused Serialized files (Serialized files now loaded: 0)
Unloading 33 unused Assets / (0.7 MB). Loaded Objects now: 3899.
Memory consumption went from 123.8 MB to 123.1 MB.
Total: 5.415700 ms (FindLiveObjects: 0.348900 ms CreateObjectMapping: 0.182100 ms MarkObjects: 4.275800 ms  DeleteObjects: 0.606400 ms)

AssetImportParameters requested are different than current active one (requested -> active):
  custom:video-decoder-ogg-theora: a1e56fd34408186e4bbccfd4996cb3dc -> 
  custom:container-muxer-webm: aa71ff27fc2769a1b78a27578f13a17b -> 
  custom:container-demuxer-webm: 4f35f7cbe854078d1ac9338744f61a02 -> 
  custom:video-encoder-webm-vp8: eb34c28f22e8b96e1ab97ce403110664 -> 
  custom:video-codec-MediaFoundation-h265: 746d11721c4dcdbdad8f713fa42b33f4 -> 
  custom:audio-encoder-webm-vorbis: bf7c407c2cedff20999df2af8eb42d56 -> 
  custom:framework-win-MediaFoundation: 216162199b28c13a410421893ffa2e32 -> 
  custom:container-demuxer-ogg: 62fdf1f143b41e24485cea50d1cbac27 -> 
  custom:video-decoder-webm-vp8: 9c59270c3fd7afecdb556c50c9e8de78 -> 
  custom:audio-decoder-ogg-vorbis: bf7c407c2cedff20999df2af8eb42d56 -> 
========================================================================
Received Import Request.
  Time since last request: 934.898200 seconds.
  path: Assets/animation/Main menu/btn_pengaturan.controller
  artifactKey: Guid(35e74ff601c88bf498ce5c6f218e296f) Importer(815301076,1909f56bfc062723c751e8b465ee728b)
Start importing Assets/animation/Main menu/btn_pengaturan.controller using Guid(35e74ff601c88bf498ce5c6f218e296f) Importer(815301076,1909f56bfc062723c751e8b465ee728b)  -> (artifact id: '3c686a20af6802526cb2dd8ab22008cf') in 0.018855 seconds 
========================================================================
Received Prepare
Registering precompiled user dll's ...
Registered in 0.003830 seconds.
Begin MonoManager ReloadAssembly
Symbol file LoadedFromMemory doesn't match image D:\RIZAL\TUGAS\SKRIPSI\App\Museum Mpu Tantular AR\Library\PackageCache\com.unity.visualscripting@1.7.8\Editor\VisualScripting.Core\Dependencies\YamlDotNet\Unity.VisualScripting.YamlDotNet.dll
Symbol file LoadedFromMemory doesn't match image D:\RIZAL\TUGAS\SKRIPSI\App\Museum Mpu Tantular AR\Library\PackageCache\com.unity.visualscripting@1.7.8\Editor\VisualScripting.Core\Dependencies\DotNetZip\Unity.VisualScripting.IonicZip.dll
Native extension for WindowsStandalone target not found
Native extension for Android target not found
Native extension for WebGL target not found
Refreshing native plugins compatible for Editor in 1.13 ms, found 3 plugins.
Preloading 0 native plugins for Editor in 0.00 ms.
Mono: successfully reloaded assembly
- Completed reload, in  1.587 seconds
Domain Reload Profiling:
	ReloadAssembly (1588ms)
		BeginReloadAssembly (144ms)
			ExecutionOrderSort (0ms)
			DisableScriptedObjects (6ms)
			BackupInstance (0ms)
			ReleaseScriptingObjects (0ms)
			CreateAndSetChildDomain (38ms)
		EndReloadAssembly (1321ms)
			LoadAssemblies (89ms)
			RebuildTransferFunctionScriptingTraits (0ms)
			SetupTypeCache (430ms)
			ReleaseScriptCaches (3ms)
			RebuildScriptCaches (83ms)
			SetupLoadedEditorAssemblies (602ms)
				LogAssemblyErrors (0ms)
				InitializePlatformSupportModulesInManaged (43ms)
				SetLoadedEditorAssemblies (1ms)
				RefreshPlugins (1ms)
				BeforeProcessingInitializeOnLoad (109ms)
				ProcessInitializeOnLoadAttributes (379ms)
				ProcessInitializeOnLoadMethodAttributes (52ms)
				AfterProcessingInitializeOnLoad (17ms)
				EditorAssembliesLoaded (0ms)
			ExecutionOrderSort2 (0ms)
			AwakeInstancesAfterBackupRestoration (12ms)
Platform modules already initialized, skipping
Refreshing native plugins compatible for Editor in 2.64 ms, found 3 plugins.
Preloading 0 native plugins for Editor in 0.00 ms.
Unloading 3422 Unused Serialized files (Serialized files now loaded: 0)
Unloading 33 unused Assets / (0.7 MB). Loaded Objects now: 3902.
Memory consumption went from 123.7 MB to 123.0 MB.
Total: 5.616900 ms (FindLiveObjects: 0.330700 ms CreateObjectMapping: 0.212000 ms MarkObjects: 4.426600 ms  DeleteObjects: 0.645100 ms)

AssetImportParameters requested are different than current active one (requested -> active):
  custom:video-decoder-ogg-theora: a1e56fd34408186e4bbccfd4996cb3dc -> 
  custom:container-muxer-webm: aa71ff27fc2769a1b78a27578f13a17b -> 
  custom:container-demuxer-webm: 4f35f7cbe854078d1ac9338744f61a02 -> 
  custom:video-encoder-webm-vp8: eb34c28f22e8b96e1ab97ce403110664 -> 
  custom:video-codec-MediaFoundation-h265: 746d11721c4dcdbdad8f713fa42b33f4 -> 
  custom:audio-encoder-webm-vorbis: bf7c407c2cedff20999df2af8eb42d56 -> 
  custom:framework-win-MediaFoundation: 216162199b28c13a410421893ffa2e32 -> 
  custom:container-demuxer-ogg: 62fdf1f143b41e24485cea50d1cbac27 -> 
  custom:video-decoder-webm-vp8: 9c59270c3fd7afecdb556c50c9e8de78 -> 
  custom:audio-decoder-ogg-vorbis: bf7c407c2cedff20999df2af8eb42d56 -> 
========================================================================
Received Prepare
Registering precompiled user dll's ...
Registered in 0.003888 seconds.
Begin MonoManager ReloadAssembly
Symbol file LoadedFromMemory doesn't match image D:\RIZAL\TUGAS\SKRIPSI\App\Museum Mpu Tantular AR\Library\PackageCache\com.unity.visualscripting@1.7.8\Editor\VisualScripting.Core\Dependencies\YamlDotNet\Unity.VisualScripting.YamlDotNet.dll
Symbol file LoadedFromMemory doesn't match image D:\RIZAL\TUGAS\SKRIPSI\App\Museum Mpu Tantular AR\Library\PackageCache\com.unity.visualscripting@1.7.8\Editor\VisualScripting.Core\Dependencies\DotNetZip\Unity.VisualScripting.IonicZip.dll
Native extension for WindowsStandalone target not found
Native extension for Android target not found
Native extension for WebGL target not found
Refreshing native plugins compatible for Editor in 0.95 ms, found 3 plugins.
Preloading 0 native plugins for Editor in 0.00 ms.
Mono: successfully reloaded assembly
- Completed reload, in  1.538 seconds
Domain Reload Profiling:
	ReloadAssembly (1539ms)
		BeginReloadAssembly (151ms)
			ExecutionOrderSort (0ms)
			DisableScriptedObjects (6ms)
			BackupInstance (0ms)
			ReleaseScriptingObjects (0ms)
			CreateAndSetChildDomain (50ms)
		EndReloadAssembly (1279ms)
			LoadAssemblies (85ms)
			RebuildTransferFunctionScriptingTraits (0ms)
			SetupTypeCache (353ms)
			ReleaseScriptCaches (2ms)
			RebuildScriptCaches (87ms)
			SetupLoadedEditorAssemblies (636ms)
				LogAssemblyErrors (0ms)
				InitializePlatformSupportModulesInManaged (46ms)
				SetLoadedEditorAssemblies (1ms)
				RefreshPlugins (1ms)
				BeforeProcessingInitializeOnLoad (124ms)
				ProcessInitializeOnLoadAttributes (393ms)
				ProcessInitializeOnLoadMethodAttributes (55ms)
				AfterProcessingInitializeOnLoad (15ms)
				EditorAssembliesLoaded (0ms)
			ExecutionOrderSort2 (0ms)
			AwakeInstancesAfterBackupRestoration (10ms)
Platform modules already initialized, skipping
Refreshing native plugins compatible for Editor in 1.84 ms, found 3 plugins.
Preloading 0 native plugins for Editor in 0.00 ms.
Unloading 3422 Unused Serialized files (Serialized files now loaded: 0)
Unloading 33 unused Assets / (0.7 MB). Loaded Objects now: 3905.
Memory consumption went from 123.8 MB to 123.1 MB.
Total: 5.244000 ms (FindLiveObjects: 0.260100 ms CreateObjectMapping: 0.208900 ms MarkObjects: 4.133000 ms  DeleteObjects: 0.640300 ms)

AssetImportParameters requested are different than current active one (requested -> active):
  custom:video-decoder-ogg-theora: a1e56fd34408186e4bbccfd4996cb3dc -> 
  custom:container-muxer-webm: aa71ff27fc2769a1b78a27578f13a17b -> 
  custom:container-demuxer-webm: 4f35f7cbe854078d1ac9338744f61a02 -> 
  custom:video-encoder-webm-vp8: eb34c28f22e8b96e1ab97ce403110664 -> 
  custom:video-codec-MediaFoundation-h265: 746d11721c4dcdbdad8f713fa42b33f4 -> 
  custom:audio-encoder-webm-vorbis: bf7c407c2cedff20999df2af8eb42d56 -> 
  custom:framework-win-MediaFoundation: 216162199b28c13a410421893ffa2e32 -> 
  custom:container-demuxer-ogg: 62fdf1f143b41e24485cea50d1cbac27 -> 
  custom:video-decoder-webm-vp8: 9c59270c3fd7afecdb556c50c9e8de78 -> 
  custom:audio-decoder-ogg-vorbis: bf7c407c2cedff20999df2af8eb42d56 -> 
========================================================================
Received Import Request.
  Time since last request: 399.119490 seconds.
  path: Assets/TextMesh Pro/Examples & Extras/Resources/Fonts & Materials/Bangers SDF.asset
  artifactKey: Guid(125cb55b44b24c4393181402bc6200e6) Importer(815301076,1909f56bfc062723c751e8b465ee728b)
Start importing Assets/TextMesh Pro/Examples & Extras/Resources/Fonts & Materials/Bangers SDF.asset using Guid(125cb55b44b24c4393181402bc6200e6) Importer(815301076,1909f56bfc062723c751e8b465ee728b)  -> (artifact id: '90ea179196d919cd0a1bb37e5a9d53d8') in 0.242155 seconds 
========================================================================
Received Import Request.
  Time since last request: 0.000048 seconds.
  path: Assets/TextMesh Pro/Resources/Fonts & Materials/LiberationSans SDF - Fallback.asset
  artifactKey: Guid(2e498d1c8094910479dc3e1b768306a4) Importer(815301076,1909f56bfc062723c751e8b465ee728b)
Start importing Assets/TextMesh Pro/Resources/Fonts & Materials/LiberationSans SDF - Fallback.asset using Guid(2e498d1c8094910479dc3e1b768306a4) Importer(815301076,1909f56bfc062723c751e8b465ee728b)  -> (artifact id: '0acdee2130716a610ed35d8fe1cdcb68') in 0.091027 seconds 
========================================================================
Received Import Request.
  Time since last request: 0.000060 seconds.
  path: Assets/TextMesh Pro/Examples & Extras/Resources/Fonts & Materials/Oswald Bold SDF.asset
  artifactKey: Guid(0161d805a3764c089bef00bfe00793f5) Importer(815301076,1909f56bfc062723c751e8b465ee728b)
Start importing Assets/TextMesh Pro/Examples & Extras/Resources/Fonts & Materials/Oswald Bold SDF.asset using Guid(0161d805a3764c089bef00bfe00793f5) Importer(815301076,1909f56bfc062723c751e8b465ee728b)  -> (artifact id: '8f25d4f06d6468529fdc52b145891ddb') in 0.035829 seconds 
========================================================================
Received Import Request.
  Time since last request: 217.522074 seconds.
  path: Assets/Image/Main Menu/Rectangle 3.png
  artifactKey: Guid(1d65d2889825fd84b850aaa8bca160fe) Importer(815301076,1909f56bfc062723c751e8b465ee728b)
Start importing Assets/Image/Main Menu/Rectangle 3.png using Guid(1d65d2889825fd84b850aaa8bca160fe) Importer(815301076,1909f56bfc062723c751e8b465ee728b)  -> (artifact id: '3a0e17be18022d5344d796b7950912a3') in 0.026423 seconds 
========================================================================
Received Import Request.
  Time since last request: 11.803529 seconds.
  path: Assets/Image/Main Menu/bgPopUP.png
  artifactKey: Guid(1d65d2889825fd84b850aaa8bca160fe) Importer(815301076,1909f56bfc062723c751e8b465ee728b)
Start importing Assets/Image/Main Menu/bgPopUP.png using Guid(1d65d2889825fd84b850aaa8bca160fe) Importer(815301076,1909f56bfc062723c751e8b465ee728b)  -> (artifact id: '78871622cc3e5c088eeb287c66e0d31d') in 0.013675 seconds 
========================================================================
Received Import Request.
  Time since last request: 12.511622 seconds.
  path: Assets/Image/Main Menu/bgPopUP.png
  artifactKey: Guid(1d65d2889825fd84b850aaa8bca160fe) Importer(815301076,1909f56bfc062723c751e8b465ee728b)
Start importing Assets/Image/Main Menu/bgPopUP.png using Guid(1d65d2889825fd84b850aaa8bca160fe) Importer(815301076,1909f56bfc062723c751e8b465ee728b)  -> (artifact id: '1158863bf3891e611240d78eb96e5f0d') in 0.019549 seconds 
========================================================================
Received Import Request.
  Time since last request: 1.312615 seconds.
  path: Assets/Image/Main Menu/bgPopUP.png
  artifactKey: Guid(1d65d2889825fd84b850aaa8bca160fe) Importer(815301076,1909f56bfc062723c751e8b465ee728b)
Start importing Assets/Image/Main Menu/bgPopUP.png using Guid(1d65d2889825fd84b850aaa8bca160fe) Importer(815301076,1909f56bfc062723c751e8b465ee728b)  -> (artifact id: 'd6db22d018bbff126dc54a1cd830fd95') in 0.047911 seconds 
========================================================================
Received Import Request.
  Time since last request: 13.736227 seconds.
  path: Assets/Image/Main Menu/tidak.png
  artifactKey: Guid(4ae5b570dae3bb3409d99cc975a5571a) Importer(815301076,1909f56bfc062723c751e8b465ee728b)
Start importing Assets/Image/Main Menu/tidak.png using Guid(4ae5b570dae3bb3409d99cc975a5571a) Importer(815301076,1909f56bfc062723c751e8b465ee728b)  -> (artifact id: '54cabf9b2306b472aeacdffe2d2d7396') in 0.021437 seconds 
========================================================================
Received Import Request.
  Time since last request: 158.837976 seconds.
  path: Assets/Image/Main Menu/iya.png
  artifactKey: Guid(45542b7cc21f884469f31aaadc7de570) Importer(815301076,1909f56bfc062723c751e8b465ee728b)
Start importing Assets/Image/Main Menu/iya.png using Guid(45542b7cc21f884469f31aaadc7de570) Importer(815301076,1909f56bfc062723c751e8b465ee728b)  -> (artifact id: 'bdaa7b1dafe1b229f10d820b02bc1521') in 0.021879 seconds 
========================================================================
Received Prepare
Registering precompiled user dll's ...
Registered in 0.003337 seconds.
Begin MonoManager ReloadAssembly
Symbol file LoadedFromMemory doesn't match image D:\RIZAL\TUGAS\SKRIPSI\App\Museum Mpu Tantular AR\Library\PackageCache\com.unity.visualscripting@1.7.8\Editor\VisualScripting.Core\Dependencies\YamlDotNet\Unity.VisualScripting.YamlDotNet.dll
Symbol file LoadedFromMemory doesn't match image D:\RIZAL\TUGAS\SKRIPSI\App\Museum Mpu Tantular AR\Library\PackageCache\com.unity.visualscripting@1.7.8\Editor\VisualScripting.Core\Dependencies\DotNetZip\Unity.VisualScripting.IonicZip.dll
Native extension for WindowsStandalone target not found
Native extension for Android target not found
Native extension for WebGL target not found
Refreshing native plugins compatible for Editor in 1.31 ms, found 3 plugins.
Preloading 0 native plugins for Editor in 0.00 ms.
Mono: successfully reloaded assembly
- Completed reload, in  1.673 seconds
Domain Reload Profiling:
	ReloadAssembly (1674ms)
		BeginReloadAssembly (141ms)
			ExecutionOrderSort (0ms)
			DisableScriptedObjects (4ms)
			BackupInstance (0ms)
			ReleaseScriptingObjects (0ms)
			CreateAndSetChildDomain (40ms)
		EndReloadAssembly (1401ms)
			LoadAssemblies (88ms)
			RebuildTransferFunctionScriptingTraits (0ms)
			SetupTypeCache (356ms)
			ReleaseScriptCaches (2ms)
			RebuildScriptCaches (103ms)
			SetupLoadedEditorAssemblies (690ms)
				LogAssemblyErrors (0ms)
				InitializePlatformSupportModulesInManaged (59ms)
				SetLoadedEditorAssemblies (1ms)
				RefreshPlugins (1ms)
				BeforeProcessingInitializeOnLoad (130ms)
				ProcessInitializeOnLoadAttributes (430ms)
				ProcessInitializeOnLoadMethodAttributes (57ms)
				AfterProcessingInitializeOnLoad (10ms)
				EditorAssembliesLoaded (0ms)
			ExecutionOrderSort2 (0ms)
			AwakeInstancesAfterBackupRestoration (14ms)
Platform modules already initialized, skipping
Refreshing native plugins compatible for Editor in 3.40 ms, found 3 plugins.
Preloading 0 native plugins for Editor in 0.00 ms.
Unloading 3422 Unused Serialized files (Serialized files now loaded: 0)
Unloading 31 unused Assets / (0.6 MB). Loaded Objects now: 3954.
Memory consumption went from 124.2 MB to 123.6 MB.
Total: 6.549700 ms (FindLiveObjects: 0.507600 ms CreateObjectMapping: 0.321900 ms MarkObjects: 5.109900 ms  DeleteObjects: 0.607900 ms)

AssetImportParameters requested are different than current active one (requested -> active):
  custom:video-decoder-ogg-theora: a1e56fd34408186e4bbccfd4996cb3dc -> 
  custom:container-muxer-webm: aa71ff27fc2769a1b78a27578f13a17b -> 
  custom:container-demuxer-webm: 4f35f7cbe854078d1ac9338744f61a02 -> 
  custom:video-encoder-webm-vp8: eb34c28f22e8b96e1ab97ce403110664 -> 
  custom:video-codec-MediaFoundation-h265: 746d11721c4dcdbdad8f713fa42b33f4 -> 
  custom:audio-encoder-webm-vorbis: bf7c407c2cedff20999df2af8eb42d56 -> 
  custom:framework-win-MediaFoundation: 216162199b28c13a410421893ffa2e32 -> 
  custom:container-demuxer-ogg: 62fdf1f143b41e24485cea50d1cbac27 -> 
  custom:video-decoder-webm-vp8: 9c59270c3fd7afecdb556c50c9e8de78 -> 
  custom:audio-decoder-ogg-vorbis: bf7c407c2cedff20999df2af8eb42d56 -> 
========================================================================
Received Prepare
Registering precompiled user dll's ...
Registered in 0.003374 seconds.
Begin MonoManager ReloadAssembly
Symbol file LoadedFromMemory doesn't match image D:\RIZAL\TUGAS\SKRIPSI\App\Museum Mpu Tantular AR\Library\PackageCache\com.unity.visualscripting@1.7.8\Editor\VisualScripting.Core\Dependencies\YamlDotNet\Unity.VisualScripting.YamlDotNet.dll
Symbol file LoadedFromMemory doesn't match image D:\RIZAL\TUGAS\SKRIPSI\App\Museum Mpu Tantular AR\Library\PackageCache\com.unity.visualscripting@1.7.8\Editor\VisualScripting.Core\Dependencies\DotNetZip\Unity.VisualScripting.IonicZip.dll
Native extension for WindowsStandalone target not found
Native extension for Android target not found
Native extension for WebGL target not found
Refreshing native plugins compatible for Editor in 1.48 ms, found 3 plugins.
Preloading 0 native plugins for Editor in 0.00 ms.
Mono: successfully reloaded assembly
- Completed reload, in  1.661 seconds
Domain Reload Profiling:
	ReloadAssembly (1662ms)
		BeginReloadAssembly (156ms)
			ExecutionOrderSort (0ms)
			DisableScriptedObjects (6ms)
			BackupInstance (0ms)
			ReleaseScriptingObjects (0ms)
			CreateAndSetChildDomain (36ms)
		EndReloadAssembly (1379ms)
			LoadAssemblies (104ms)
			RebuildTransferFunctionScriptingTraits (0ms)
			SetupTypeCache (314ms)
			ReleaseScriptCaches (2ms)
			RebuildScriptCaches (108ms)
			SetupLoadedEditorAssemblies (724ms)
				LogAssemblyErrors (0ms)
				InitializePlatformSupportModulesInManaged (57ms)
				SetLoadedEditorAssemblies (1ms)
				RefreshPlugins (2ms)
				BeforeProcessingInitializeOnLoad (126ms)
				ProcessInitializeOnLoadAttributes (464ms)
				ProcessInitializeOnLoadMethodAttributes (60ms)
				AfterProcessingInitializeOnLoad (14ms)
				EditorAssembliesLoaded (0ms)
			ExecutionOrderSort2 (0ms)
			AwakeInstancesAfterBackupRestoration (15ms)
Platform modules already initialized, skipping
Refreshing native plugins compatible for Editor in 3.06 ms, found 3 plugins.
Preloading 0 native plugins for Editor in 0.00 ms.
Unloading 3420 Unused Serialized files (Serialized files now loaded: 0)
Unloading 31 unused Assets / (0.6 MB). Loaded Objects now: 3957.
Memory consumption went from 124.0 MB to 123.4 MB.
Total: 5.720500 ms (FindLiveObjects: 0.520600 ms CreateObjectMapping: 0.277800 ms MarkObjects: 4.179300 ms  DeleteObjects: 0.740800 ms)

AssetImportParameters requested are different than current active one (requested -> active):
  custom:video-decoder-ogg-theora: a1e56fd34408186e4bbccfd4996cb3dc -> 
  custom:container-muxer-webm: aa71ff27fc2769a1b78a27578f13a17b -> 
  custom:container-demuxer-webm: 4f35f7cbe854078d1ac9338744f61a02 -> 
  custom:video-encoder-webm-vp8: eb34c28f22e8b96e1ab97ce403110664 -> 
  custom:video-codec-MediaFoundation-h265: 746d11721c4dcdbdad8f713fa42b33f4 -> 
  custom:audio-encoder-webm-vorbis: bf7c407c2cedff20999df2af8eb42d56 -> 
  custom:framework-win-MediaFoundation: 216162199b28c13a410421893ffa2e32 -> 
  custom:container-demuxer-ogg: 62fdf1f143b41e24485cea50d1cbac27 -> 
  custom:video-decoder-webm-vp8: 9c59270c3fd7afecdb556c50c9e8de78 -> 
  custom:audio-decoder-ogg-vorbis: bf7c407c2cedff20999df2af8eb42d56 -> 
========================================================================
Received Prepare
Registering precompiled user dll's ...
Registered in 0.004759 seconds.
Begin MonoManager ReloadAssembly
Symbol file LoadedFromMemory doesn't match image D:\RIZAL\TUGAS\SKRIPSI\App\Museum Mpu Tantular AR\Library\PackageCache\com.unity.visualscripting@1.7.8\Editor\VisualScripting.Core\Dependencies\YamlDotNet\Unity.VisualScripting.YamlDotNet.dll
Symbol file LoadedFromMemory doesn't match image D:\RIZAL\TUGAS\SKRIPSI\App\Museum Mpu Tantular AR\Library\PackageCache\com.unity.visualscripting@1.7.8\Editor\VisualScripting.Core\Dependencies\DotNetZip\Unity.VisualScripting.IonicZip.dll
Native extension for WindowsStandalone target not found
Native extension for Android target not found
Native extension for WebGL target not found
Refreshing native plugins compatible for Editor in 1.07 ms, found 3 plugins.
Preloading 0 native plugins for Editor in 0.00 ms.
Mono: successfully reloaded assembly
- Completed reload, in  1.645 seconds
Domain Reload Profiling:
	ReloadAssembly (1647ms)
		BeginReloadAssembly (137ms)
			ExecutionOrderSort (0ms)
			DisableScriptedObjects (6ms)
			BackupInstance (0ms)
			ReleaseScriptingObjects (0ms)
			CreateAndSetChildDomain (39ms)
		EndReloadAssembly (1374ms)
			LoadAssemblies (82ms)
			RebuildTransferFunctionScriptingTraits (0ms)
			SetupTypeCache (309ms)
			ReleaseScriptCaches (2ms)
			RebuildScriptCaches (108ms)
			SetupLoadedEditorAssemblies (716ms)
				LogAssemblyErrors (0ms)
				InitializePlatformSupportModulesInManaged (52ms)
				SetLoadedEditorAssemblies (1ms)
				RefreshPlugins (1ms)
				BeforeProcessingInitializeOnLoad (130ms)
				ProcessInitializeOnLoadAttributes (454ms)
				ProcessInitializeOnLoadMethodAttributes (63ms)
				AfterProcessingInitializeOnLoad (14ms)
				EditorAssembliesLoaded (0ms)
			ExecutionOrderSort2 (0ms)
			AwakeInstancesAfterBackupRestoration (16ms)
Platform modules already initialized, skipping
Refreshing native plugins compatible for Editor in 3.22 ms, found 3 plugins.
Preloading 0 native plugins for Editor in 0.00 ms.
Unloading 3420 Unused Serialized files (Serialized files now loaded: 0)
Unloading 31 unused Assets / (0.6 MB). Loaded Objects now: 3960.
Memory consumption went from 124.0 MB to 123.4 MB.
Total: 6.205500 ms (FindLiveObjects: 0.390300 ms CreateObjectMapping: 0.262000 ms MarkObjects: 5.002800 ms  DeleteObjects: 0.545700 ms)

AssetImportParameters requested are different than current active one (requested -> active):
  custom:video-decoder-ogg-theora: a1e56fd34408186e4bbccfd4996cb3dc -> 
  custom:container-muxer-webm: aa71ff27fc2769a1b78a27578f13a17b -> 
  custom:container-demuxer-webm: 4f35f7cbe854078d1ac9338744f61a02 -> 
  custom:video-encoder-webm-vp8: eb34c28f22e8b96e1ab97ce403110664 -> 
  custom:video-codec-MediaFoundation-h265: 746d11721c4dcdbdad8f713fa42b33f4 -> 
  custom:audio-encoder-webm-vorbis: bf7c407c2cedff20999df2af8eb42d56 -> 
  custom:framework-win-MediaFoundation: 216162199b28c13a410421893ffa2e32 -> 
  custom:container-demuxer-ogg: 62fdf1f143b41e24485cea50d1cbac27 -> 
  custom:video-decoder-webm-vp8: 9c59270c3fd7afecdb556c50c9e8de78 -> 
  custom:audio-decoder-ogg-vorbis: bf7c407c2cedff20999df2af8eb42d56 -> 
========================================================================
Received Prepare
Registering precompiled user dll's ...
Registered in 0.003883 seconds.
Begin MonoManager ReloadAssembly
Symbol file LoadedFromMemory doesn't match image D:\RIZAL\TUGAS\SKRIPSI\App\Museum Mpu Tantular AR\Library\PackageCache\com.unity.visualscripting@1.7.8\Editor\VisualScripting.Core\Dependencies\YamlDotNet\Unity.VisualScripting.YamlDotNet.dll
Symbol file LoadedFromMemory doesn't match image D:\RIZAL\TUGAS\SKRIPSI\App\Museum Mpu Tantular AR\Library\PackageCache\com.unity.visualscripting@1.7.8\Editor\VisualScripting.Core\Dependencies\DotNetZip\Unity.VisualScripting.IonicZip.dll
Native extension for WindowsStandalone target not found
Native extension for Android target not found
Native extension for WebGL target not found
Refreshing native plugins compatible for Editor in 0.97 ms, found 3 plugins.
Preloading 0 native plugins for Editor in 0.00 ms.
Mono: successfully reloaded assembly
- Completed reload, in  1.598 seconds
Domain Reload Profiling:
	ReloadAssembly (1602ms)
		BeginReloadAssembly (134ms)
			ExecutionOrderSort (0ms)
			DisableScriptedObjects (6ms)
			BackupInstance (0ms)
			ReleaseScriptingObjects (0ms)
			CreateAndSetChildDomain (37ms)
		EndReloadAssembly (1358ms)
			LoadAssemblies (80ms)
			RebuildTransferFunctionScriptingTraits (0ms)
			SetupTypeCache (284ms)
			ReleaseScriptCaches (2ms)
			RebuildScriptCaches (83ms)
			SetupLoadedEditorAssemblies (741ms)
				LogAssemblyErrors (0ms)
				InitializePlatformSupportModulesInManaged (56ms)
				SetLoadedEditorAssemblies (1ms)
				RefreshPlugins (1ms)
				BeforeProcessingInitializeOnLoad (119ms)
				ProcessInitializeOnLoadAttributes (479ms)
				ProcessInitializeOnLoadMethodAttributes (68ms)
				AfterProcessingInitializeOnLoad (16ms)
				EditorAssembliesLoaded (0ms)
			ExecutionOrderSort2 (0ms)
			AwakeInstancesAfterBackupRestoration (17ms)
Platform modules already initialized, skipping
Refreshing native plugins compatible for Editor in 1.54 ms, found 3 plugins.
Preloading 0 native plugins for Editor in 0.00 ms.
Unloading 3420 Unused Serialized files (Serialized files now loaded: 0)
Unloading 31 unused Assets / (0.6 MB). Loaded Objects now: 3963.
Memory consumption went from 124.0 MB to 123.4 MB.
Total: 4.627700 ms (FindLiveObjects: 0.285200 ms CreateObjectMapping: 0.165000 ms MarkObjects: 3.573400 ms  DeleteObjects: 0.602400 ms)

AssetImportParameters requested are different than current active one (requested -> active):
  custom:video-decoder-ogg-theora: a1e56fd34408186e4bbccfd4996cb3dc -> 
  custom:container-muxer-webm: aa71ff27fc2769a1b78a27578f13a17b -> 
  custom:container-demuxer-webm: 4f35f7cbe854078d1ac9338744f61a02 -> 
  custom:video-encoder-webm-vp8: eb34c28f22e8b96e1ab97ce403110664 -> 
  custom:video-codec-MediaFoundation-h265: 746d11721c4dcdbdad8f713fa42b33f4 -> 
  custom:audio-encoder-webm-vorbis: bf7c407c2cedff20999df2af8eb42d56 -> 
  custom:framework-win-MediaFoundation: 216162199b28c13a410421893ffa2e32 -> 
  custom:container-demuxer-ogg: 62fdf1f143b41e24485cea50d1cbac27 -> 
  custom:video-decoder-webm-vp8: 9c59270c3fd7afecdb556c50c9e8de78 -> 
  custom:audio-decoder-ogg-vorbis: bf7c407c2cedff20999df2af8eb42d56 -> 
========================================================================
Received Import Request.
  Time since last request: 702.817682 seconds.
  path: Assets/Image/Main Menu/popUpExit.controller
  artifactKey: Guid(149813c178dfad3488304c34800e4be2) Importer(815301076,1909f56bfc062723c751e8b465ee728b)
Start importing Assets/Image/Main Menu/popUpExit.controller using Guid(149813c178dfad3488304c34800e4be2) Importer(815301076,1909f56bfc062723c751e8b465ee728b)  -> (artifact id: '9689aca6f49ee11489688c92cadbefc2') in 0.036252 seconds 
========================================================================
Received Import Request.
  Time since last request: 3.967210 seconds.
  path: Assets/Image/Main Menu/popUpExit.anim
  artifactKey: Guid(8c3609ccaaa12d84bb89e24fb656f8af) Importer(815301076,1909f56bfc062723c751e8b465ee728b)
Start importing Assets/Image/Main Menu/popUpExit.anim using Guid(8c3609ccaaa12d84bb89e24fb656f8af) Importer(815301076,1909f56bfc062723c751e8b465ee728b)  -> (artifact id: 'f0e9f24d41cf33d99811da9e2211b0b5') in 0.003115 seconds 
========================================================================
Received Import Request.
  Time since last request: 4.373942 seconds.
  path: Assets/Image/Main Menu/popUpExit 1.controller
  artifactKey: Guid(aa9f817bc24d4224e841f9ecfe4e912a) Importer(815301076,1909f56bfc062723c751e8b465ee728b)
Start importing Assets/Image/Main Menu/popUpExit 1.controller using Guid(aa9f817bc24d4224e841f9ecfe4e912a) Importer(815301076,1909f56bfc062723c751e8b465ee728b)  -> (artifact id: '435002ab11251f9ea08ebb302b942394') in 0.008858 seconds 
========================================================================
Received Prepare
Registering precompiled user dll's ...
Registered in 0.004094 seconds.
Begin MonoManager ReloadAssembly
Symbol file LoadedFromMemory doesn't match image D:\RIZAL\TUGAS\SKRIPSI\App\Museum Mpu Tantular AR\Library\PackageCache\com.unity.visualscripting@1.7.8\Editor\VisualScripting.Core\Dependencies\YamlDotNet\Unity.VisualScripting.YamlDotNet.dll
Symbol file LoadedFromMemory doesn't match image D:\RIZAL\TUGAS\SKRIPSI\App\Museum Mpu Tantular AR\Library\PackageCache\com.unity.visualscripting@1.7.8\Editor\VisualScripting.Core\Dependencies\DotNetZip\Unity.VisualScripting.IonicZip.dll
Native extension for WindowsStandalone target not found
Native extension for Android target not found
Native extension for WebGL target not found
Refreshing native plugins compatible for Editor in 1.53 ms, found 3 plugins.
Preloading 0 native plugins for Editor in 0.00 ms.
Mono: successfully reloaded assembly
- Completed reload, in  1.871 seconds
Domain Reload Profiling:
	ReloadAssembly (1873ms)
		BeginReloadAssembly (181ms)
			ExecutionOrderSort (0ms)
			DisableScriptedObjects (6ms)
			BackupInstance (0ms)
			ReleaseScriptingObjects (0ms)
			CreateAndSetChildDomain (52ms)
		EndReloadAssembly (1579ms)
			LoadAssemblies (95ms)
			RebuildTransferFunctionScriptingTraits (0ms)
			SetupTypeCache (478ms)
			ReleaseScriptCaches (3ms)
			RebuildScriptCaches (101ms)
			SetupLoadedEditorAssemblies (750ms)
				LogAssemblyErrors (0ms)
				InitializePlatformSupportModulesInManaged (58ms)
				SetLoadedEditorAssemblies (1ms)
				RefreshPlugins (2ms)
				BeforeProcessingInitializeOnLoad (123ms)
				ProcessInitializeOnLoadAttributes (460ms)
				ProcessInitializeOnLoadMethodAttributes (89ms)
				AfterProcessingInitializeOnLoad (16ms)
				EditorAssembliesLoaded (1ms)
			ExecutionOrderSort2 (0ms)
			AwakeInstancesAfterBackupRestoration (16ms)
Platform modules already initialized, skipping
Refreshing native plugins compatible for Editor in 3.07 ms, found 3 plugins.
Preloading 0 native plugins for Editor in 0.00 ms.
Unloading 3420 Unused Serialized files (Serialized files now loaded: 0)
Unloading 31 unused Assets / (0.6 MB). Loaded Objects now: 3966.
Memory consumption went from 124.0 MB to 123.4 MB.
Total: 4.596800 ms (FindLiveObjects: 0.285800 ms CreateObjectMapping: 0.161600 ms MarkObjects: 3.622600 ms  DeleteObjects: 0.524700 ms)

AssetImportParameters requested are different than current active one (requested -> active):
  custom:video-decoder-ogg-theora: a1e56fd34408186e4bbccfd4996cb3dc -> 
  custom:container-muxer-webm: aa71ff27fc2769a1b78a27578f13a17b -> 
  custom:container-demuxer-webm: 4f35f7cbe854078d1ac9338744f61a02 -> 
  custom:video-encoder-webm-vp8: eb34c28f22e8b96e1ab97ce403110664 -> 
  custom:video-codec-MediaFoundation-h265: 746d11721c4dcdbdad8f713fa42b33f4 -> 
  custom:audio-encoder-webm-vorbis: bf7c407c2cedff20999df2af8eb42d56 -> 
  custom:framework-win-MediaFoundation: 216162199b28c13a410421893ffa2e32 -> 
  custom:container-demuxer-ogg: 62fdf1f143b41e24485cea50d1cbac27 -> 
  custom:video-decoder-webm-vp8: 9c59270c3fd7afecdb556c50c9e8de78 -> 
  custom:audio-decoder-ogg-vorbis: bf7c407c2cedff20999df2af8eb42d56 -> 
